<?xml version="1.0" encoding="UTF-8"?>
<!-- Generated by org.testng.reporters.JUnitXMLReporter -->
<testsuite ignored="0" hostname="DESKTOP-FDUF1D1" failures="0" tests="4" name="Surefire test" time="11.087" errors="0" timestamp="2023-06-30T11:42:57 IST">
  <testcase classname="api.test.UserTests" name="testPostUser" time="3.99"/>
  <testcase classname="api.test.UserTests" name="testGetUser" time="1.982"/>
  <testcase classname="api.test.UserTests" name="testPutUser" time="2.915"/>
  <testcase classname="api.test.UserTests" name="testDeleteUser" time="1.551"/>
</testsuite> <!-- Surefire test -->
