<?xml version="1.0" encoding="UTF-8"?>
<testng-results ignored="0" total="4" passed="4" failed="0" skipped="0">
  <reporter-output>
  </reporter-output>
  <suite started-at="2023-06-30T11:42:46 IST" name="Surefire suite" finished-at="2023-06-30T11:42:57 IST" duration-ms="11087">
    <groups>
    </groups>
    <test started-at="2023-06-30T11:42:46 IST" name="Surefire test" finished-at="2023-06-30T11:42:57 IST" duration-ms="11087">
      <class name="api.test.UserTests">
        <test-method is-config="true" signature="setUser()[pri:0, instance:api.test.UserTests@6babf3bf]" started-at="2023-06-30T11:42:46 IST" name="setUser" finished-at="2023-06-30T11:42:46 IST" duration-ms="617" status="PASS">
          <reporter-output>
          </reporter-output>
        </test-method> <!-- setUser -->
        <test-method signature="testPostUser()[pri:1, instance:api.test.UserTests@6babf3bf]" started-at="2023-06-30T11:42:46 IST" name="testPostUser" finished-at="2023-06-30T11:42:50 IST" duration-ms="3990" status="PASS">
          <reporter-output>
          </reporter-output>
        </test-method> <!-- testPostUser -->
        <test-method signature="testGetUser()[pri:2, instance:api.test.UserTests@6babf3bf]" started-at="2023-06-30T11:42:50 IST" name="testGetUser" finished-at="2023-06-30T11:42:52 IST" duration-ms="1982" status="PASS">
          <reporter-output>
          </reporter-output>
        </test-method> <!-- testGetUser -->
        <test-method signature="testPutUser()[pri:3, instance:api.test.UserTests@6babf3bf]" started-at="2023-06-30T11:42:52 IST" name="testPutUser" finished-at="2023-06-30T11:42:55 IST" duration-ms="2915" status="PASS">
          <reporter-output>
          </reporter-output>
        </test-method> <!-- testPutUser -->
        <test-method signature="testDeleteUser()[pri:4, instance:api.test.UserTests@6babf3bf]" started-at="2023-06-30T11:42:55 IST" name="testDeleteUser" finished-at="2023-06-30T11:42:57 IST" duration-ms="1551" status="PASS">
          <reporter-output>
          </reporter-output>
        </test-method> <!-- testDeleteUser -->
      </class> <!-- api.test.UserTests -->
    </test> <!-- Surefire test -->
  </suite> <!-- Surefire suite -->
</testng-results>
